-- Found ament_cmake: 0.7.3 (/opt/ros/dashing/share/ament_cmake/cmake)
-- Using PYTHON_EXECUTABLE: /usr/bin/python3
-- Override CMake install command with custom implementation using symlinks instead of copying resources
-- Found ament_lint_auto: 0.7.11 (/opt/ros/dashing/share/ament_lint_auto/cmake)
-- Found rosidl_adapter: 0.7.7 (/opt/ros/dashing/share/rosidl_adapter/cmake)
-- Found rmw_implementation_cmake: 0.7.2 (/opt/ros/dashing/share/rmw_implementation_cmake/cmake)
-- Added test 'copyright' to check for copyright in CMake / C / C++ / Python code
-- Added test 'cppcheck' to perform static code analysis on C / C++ code
-- Configured cppcheck include dirs: 
-- Added test 'cpplint' to check C / C++ code against the Google style
-- Added test 'flake8' to check Python code syntax and style conventions
-- Added test 'lint_cmake' to check CMake code style
-- Added test 'pep257' to check Python code against some of the style conventions in PEP 257
-- Added test 'uncrustify' to check C / C++ code style
-- Added test 'xmllint' to check XML markup files
-- Configuring done
-- Generating done
-- Build files have been written to: /home/william/vacuumcleaner/build/vacuumcleaner
[100%] Built target vacuumcleaner
[100%] Built target vacuumcleaner
[36mInstall the project...[0m
-- Install configuration: ""
-- Execute custom install script
-- Symlinking: /home/william/vacuumcleaner/install/vacuumcleaner/share/ament_index/resource_index/package_run_dependencies/vacuumcleaner
-- Symlinking: /home/william/vacuumcleaner/install/vacuumcleaner/share/ament_index/resource_index/parent_prefix_path/vacuumcleaner
-- Symlinking: /home/william/vacuumcleaner/install/vacuumcleaner/share/vacuumcleaner/environment/ament_prefix_path.sh
-- Symlinking: /home/william/vacuumcleaner/install/vacuumcleaner/share/vacuumcleaner/environment/path.sh
-- Symlinking: /home/william/vacuumcleaner/install/vacuumcleaner/share/vacuumcleaner/local_setup.bash
-- Symlinking: /home/william/vacuumcleaner/install/vacuumcleaner/share/vacuumcleaner/local_setup.sh
-- Symlinking: /home/william/vacuumcleaner/install/vacuumcleaner/share/vacuumcleaner/local_setup.zsh
-- Symlinking: /home/william/vacuumcleaner/install/vacuumcleaner/share/ament_index/resource_index/packages/vacuumcleaner
-- Symlinking: /home/william/vacuumcleaner/install/vacuumcleaner/share/vacuumcleaner/cmake/vacuumcleanerConfig.cmake
-- Symlinking: /home/william/vacuumcleaner/install/vacuumcleaner/share/vacuumcleaner/cmake/vacuumcleanerConfig-version.cmake
-- Symlinking: /home/william/vacuumcleaner/install/vacuumcleaner/share/vacuumcleaner/package.xml
-- Symlinking: /home/william/vacuumcleaner/install/vacuumcleaner/lib/vacuumcleaner/vacuumcleaner
-- Symlinking: /home/william/vacuumcleaner/install/vacuumcleaner/share/vacuumcleaner//launch/__pycache__/rviz_launch.cpython-36.pyc
-- Symlinking: /home/william/vacuumcleaner/install/vacuumcleaner/share/vacuumcleaner//launch/rviz_launch.py
-- Symlinking: /home/william/vacuumcleaner/install/vacuumcleaner/share/vacuumcleaner//urdf/model
