-- Found ament_cmake: 0.7.3 (/opt/ros/dashing/share/ament_cmake/cmake)
-- Using PYTHON_EXECUTABLE: /usr/bin/python3
-- Override CMake install command with custom implementation using symlinks instead of copying resources
-- Found ament_lint_auto: 0.7.11 (/opt/ros/dashing/share/ament_lint_auto/cmake)
-- Found rosidl_adapter: 0.7.7 (/opt/ros/dashing/share/rosidl_adapter/cmake)
-- Found rmw_implementation_cmake: 0.7.2 (/opt/ros/dashing/share/rmw_implementation_cmake/cmake)
-- Looking for pthread.h
-- Looking for pthread.h - found
-- Looking for pthread_create
-- Looking for pthread_create - not found
-- Looking for pthread_create in pthreads
-- Looking for pthread_create in pthreads - not found
-- Looking for pthread_create in pthread
-- Looking for pthread_create in pthread - found
-- Found Threads: TRUE  
-- Added test 'copyright' to check for copyright in CMake / C / C++ / Python code
-- Added test 'cppcheck' to perform static code analysis on C / C++ code
-- Configured cppcheck include dirs: 
-- Added test 'cpplint' to check C / C++ code against the Google style
-- Added test 'flake8' to check Python code syntax and style conventions
-- Added test 'lint_cmake' to check CMake code style
-- Added test 'pep257' to check Python code against some of the style conventions in PEP 257
-- Added test 'uncrustify' to check C / C++ code style
-- Added test 'xmllint' to check XML markup files
-- Configuring done
-- Generating done
-- Build files have been written to: /home/william/vacuumcleaner/build/vacuumcleaner
[35m[1mScanning dependencies of target vacuumcleaner[0m
[ 50%] [32mBuilding CXX object CMakeFiles/vacuumcleaner.dir/src/main.cpp.o[0m
[01m[K/home/william/vacuumcleaner/src/main.cpp:[m[K In function ‘[01m[Kint main(int, char**)[m[K’:
[01m[K/home/william/vacuumcleaner/src/main.cpp:7:14:[m[K [01;31m[Kerror: [m[K‘[01m[Krclpp[m[K’ has not been declared
  auto node = [01;31m[Krclpp[m[K::Node::make_shared("ObiWan");
              [01;31m[K^~~~~[m[K
[01m[K/home/william/vacuumcleaner/src/main.cpp:9:2:[m[K [01;31m[Kerror: [m[K‘[01m[KRCLPP_INFO[m[K’ was not declared in this scope
  [01;31m[KRCLPP_INFO[m[K(node->get_logger(), "hello");
  [01;31m[K^~~~~~~~~~[m[K
[01m[K/home/william/vacuumcleaner/src/main.cpp:9:2:[m[K [01;36m[Knote: [m[Ksuggested alternative: ‘[01m[KRCLCPP_INFO[m[K’
  [01;36m[KRCLPP_INFO[m[K(node->get_logger(), "hello");
  [01;36m[K^~~~~~~~~~[m[K
  [32m[KRCLCPP_INFO[m[K
CMakeFiles/vacuumcleaner.dir/build.make:62: recipe for target 'CMakeFiles/vacuumcleaner.dir/src/main.cpp.o' failed
make[2]: *** [CMakeFiles/vacuumcleaner.dir/src/main.cpp.o] Error 1
CMakeFiles/Makefile2:67: recipe for target 'CMakeFiles/vacuumcleaner.dir/all' failed
make[1]: *** [CMakeFiles/vacuumcleaner.dir/all] Error 2
make: *** [all] Error 2
Makefile:140: recipe for target 'all' failed
