[0.239s] DEBUG:colcon:Command line arguments: ['/usr/bin/colcon', 'build', '--symlink-install']
[0.239s] DEBUG:colcon:Parsed command line arguments: Namespace(ament_cmake_args=None, base_paths='.', build_base='build', catkin_cmake_args=None, catkin_skip_building_tests=False, cmake_args=None, cmake_clean_cache=False, cmake_clean_first=False, cmake_force_configure=False, cmake_target=None, cmake_target_skip_unavailable=False, continue_on_error=False, event_handlers=None, executor='parallel', ignore_user_meta=False, install_base='install', log_base='log', log_level=None, main=<bound method BuildVerb.main of <colcon_core.verb.build.BuildVerb object at 0x7f21f0324b70>>, merge_install=False, metas='./colcon.meta', packages_above=None, packages_above_depth=None, packages_end=None, packages_ignore=None, packages_ignore_regex=None, packages_select=None, packages_select_build_failed=False, packages_select_by_dep=None, packages_select_regex=None, packages_select_test_failures=False, packages_skip=None, packages_skip_build_finished=False, packages_skip_by_dep=None, packages_skip_regex=None, packages_skip_test_passed=False, packages_skip_up_to=None, packages_start=None, packages_up_to=None, parallel_workers=8, paths=None, symlink_install=True, test_result_base=None, verb_extension=<colcon_core.verb.build.BuildVerb object at 0x7f21f0324b70>, verb_name='build', verb_parser=<colcon_defaults.argument_parser.defaults.DefaultArgumentsDecorator object at 0x7f21f0324e80>)
[0.297s] Level 1:colcon.colcon_core.package_discovery:discover_packages(colcon_meta) check parameters
[0.297s] Level 1:colcon.colcon_core.package_discovery:discover_packages(recursive) check parameters
[0.298s] Level 1:colcon.colcon_core.package_discovery:discover_packages(ignore) check parameters
[0.298s] Level 1:colcon.colcon_core.package_discovery:discover_packages(path) check parameters
[0.298s] Level 1:colcon.colcon_core.package_discovery:discover_packages(recursive) discover
[0.298s] INFO:colcon.colcon_core.package_discovery:Crawling recursively for packages in '/home/william/vacuumcleaner'
[0.298s] Level 1:colcon.colcon_core.package_identification:_identify(/home/william/vacuumcleaner) by extensions ['ignore', 'ignore_ament_install']
[0.298s] Level 1:colcon.colcon_core.package_identification:_identify(/home/william/vacuumcleaner) by extension 'ignore'
[0.298s] Level 1:colcon.colcon_core.package_identification:_identify(/home/william/vacuumcleaner) by extension 'ignore_ament_install'
[0.299s] Level 1:colcon.colcon_core.package_identification:_identify(/home/william/vacuumcleaner) by extensions ['colcon_pkg']
[0.299s] Level 1:colcon.colcon_core.package_identification:_identify(/home/william/vacuumcleaner) by extension 'colcon_pkg'
[0.299s] Level 1:colcon.colcon_core.package_identification:_identify(/home/william/vacuumcleaner) by extensions ['colcon_meta']
[0.299s] Level 1:colcon.colcon_core.package_identification:_identify(/home/william/vacuumcleaner) by extension 'colcon_meta'
[0.299s] Level 1:colcon.colcon_core.package_identification:_identify(/home/william/vacuumcleaner) by extensions ['ros']
[0.299s] Level 1:colcon.colcon_core.package_identification:_identify(/home/william/vacuumcleaner) by extension 'ros'
[0.323s] DEBUG:colcon.colcon_core.package_identification:Package '/home/william/vacuumcleaner' with type 'ros.ament_cmake' and name 'vacuumcleaner'
[0.323s] Level 1:colcon.colcon_core.package_discovery:discover_packages(recursive) using defaults
[0.331s] Level 5:colcon.colcon_core.verb:set package 'vacuumcleaner' build argument 'cmake_args' from command line to 'None'
[0.331s] Level 5:colcon.colcon_core.verb:set package 'vacuumcleaner' build argument 'cmake_target' from command line to 'None'
[0.331s] Level 5:colcon.colcon_core.verb:set package 'vacuumcleaner' build argument 'cmake_target_skip_unavailable' from command line to 'False'
[0.331s] Level 5:colcon.colcon_core.verb:set package 'vacuumcleaner' build argument 'cmake_clean_cache' from command line to 'False'
[0.331s] Level 5:colcon.colcon_core.verb:set package 'vacuumcleaner' build argument 'cmake_clean_first' from command line to 'False'
[0.331s] Level 5:colcon.colcon_core.verb:set package 'vacuumcleaner' build argument 'cmake_force_configure' from command line to 'False'
[0.331s] Level 5:colcon.colcon_core.verb:set package 'vacuumcleaner' build argument 'ament_cmake_args' from command line to 'None'
[0.331s] Level 5:colcon.colcon_core.verb:set package 'vacuumcleaner' build argument 'catkin_cmake_args' from command line to 'None'
[0.332s] Level 5:colcon.colcon_core.verb:set package 'vacuumcleaner' build argument 'catkin_skip_building_tests' from command line to 'False'
[0.332s] DEBUG:colcon.colcon_core.verb:Building package 'vacuumcleaner' with the following arguments: {'ament_cmake_args': None, 'build_base': '/home/william/vacuumcleaner/build/vacuumcleaner', 'catkin_cmake_args': None, 'catkin_skip_building_tests': False, 'cmake_args': None, 'cmake_clean_cache': False, 'cmake_clean_first': False, 'cmake_force_configure': False, 'cmake_target': None, 'cmake_target_skip_unavailable': False, 'install_base': '/home/william/vacuumcleaner/install/vacuumcleaner', 'merge_install': False, 'path': '/home/william/vacuumcleaner', 'symlink_install': True, 'test_result_base': None}
[0.334s] INFO:colcon.colcon_core.executor:Executing jobs using 'parallel' executor
[0.334s] DEBUG:colcon.colcon_parallel_executor.executor.parallel:run_until_complete
[0.334s] INFO:colcon.colcon_ros.task.ament_cmake.build:Building ROS package in '/home/william/vacuumcleaner' with build type 'ament_cmake'
[0.339s] INFO:colcon.colcon_core.plugin_system:Skipping extension 'colcon_core.shell.bat': Not used on non-Windows systems
[0.340s] INFO:colcon.colcon_cmake.task.cmake.build:Building CMake package in '/home/william/vacuumcleaner'
[0.341s] INFO:colcon.colcon_core.shell:Skip shell extension 'powershell' for command environment: Not usable outside of PowerShell
[0.341s] DEBUG:colcon.colcon_core.shell:Skip shell extension 'dsv' for command environment
[0.346s] DEBUG:colcon.colcon_core.shell:Ignoring prefix path '/opt/ros/dashing'
[0.359s] DEBUG:colcon.colcon_core.event_handler.log_command:Invoking command in '/home/william/vacuumcleaner/build/vacuumcleaner': CMAKE_PREFIX_PATH=${CMAKE_PREFIX_PATH}:/home/william/joint_state_publisher/joint_state_publisher/install/joint_state_publisher:/opt/ros/dashing /usr/bin/cmake --build /home/william/vacuumcleaner/build/vacuumcleaner -- -j8 -l8
[0.483s] DEBUG:colcon.colcon_core.event_handler.log_command:Invoked command in '/home/william/vacuumcleaner/build/vacuumcleaner' returned '0': CMAKE_PREFIX_PATH=${CMAKE_PREFIX_PATH}:/home/william/joint_state_publisher/joint_state_publisher/install/joint_state_publisher:/opt/ros/dashing /usr/bin/cmake --build /home/william/vacuumcleaner/build/vacuumcleaner -- -j8 -l8
[0.523s] DEBUG:colcon.colcon_core.event_handler.log_command:Invoking command in '/home/william/vacuumcleaner/build/vacuumcleaner': CMAKE_PREFIX_PATH=${CMAKE_PREFIX_PATH}:/home/william/joint_state_publisher/joint_state_publisher/install/joint_state_publisher:/opt/ros/dashing /usr/bin/cmake --build /home/william/vacuumcleaner/build/vacuumcleaner --target install -- -j8 -l8
[0.675s] Level 1:colcon.colcon_core.environment:create_environment_scripts_only(vacuumcleaner)
[0.678s] DEBUG:colcon.colcon_core.event_handler.log_command:Invoked command in '/home/william/vacuumcleaner/build/vacuumcleaner' returned '0': CMAKE_PREFIX_PATH=${CMAKE_PREFIX_PATH}:/home/william/joint_state_publisher/joint_state_publisher/install/joint_state_publisher:/opt/ros/dashing /usr/bin/cmake --build /home/william/vacuumcleaner/build/vacuumcleaner --target install -- -j8 -l8
[0.683s] Level 1:colcon.colcon_core.environment:checking '/home/william/vacuumcleaner/install/vacuumcleaner' for CMake module files
[0.684s] Level 1:colcon.colcon_core.environment:checking '/home/william/vacuumcleaner/install/vacuumcleaner' for CMake config files
[0.684s] Level 1:colcon.colcon_core.shell:create_environment_hook('vacuumcleaner', 'cmake_prefix_path')
[0.685s] INFO:colcon.colcon_core.shell:Creating environment hook '/home/william/vacuumcleaner/install/vacuumcleaner/share/vacuumcleaner/hook/cmake_prefix_path.ps1'
[0.687s] INFO:colcon.colcon_core.shell:Creating environment descriptor '/home/william/vacuumcleaner/install/vacuumcleaner/share/vacuumcleaner/hook/cmake_prefix_path.dsv'
[0.687s] INFO:colcon.colcon_core.shell:Creating environment hook '/home/william/vacuumcleaner/install/vacuumcleaner/share/vacuumcleaner/hook/cmake_prefix_path.sh'
[0.689s] Level 1:colcon.colcon_core.environment:checking '/home/william/vacuumcleaner/install/vacuumcleaner/lib'
[0.690s] Level 1:colcon.colcon_core.environment:checking '/home/william/vacuumcleaner/install/vacuumcleaner/bin'
[0.690s] Level 1:colcon.colcon_core.environment:checking '/home/william/vacuumcleaner/install/vacuumcleaner/lib/pkgconfig/vacuumcleaner.pc'
[0.690s] Level 1:colcon.colcon_core.environment:checking '/home/william/vacuumcleaner/install/vacuumcleaner/lib/python3.6/site-packages'
[0.692s] INFO:colcon.colcon_core.shell:Creating package script '/home/william/vacuumcleaner/install/vacuumcleaner/share/vacuumcleaner/package.ps1'
[0.695s] INFO:colcon.colcon_core.shell:Creating package descriptor '/home/william/vacuumcleaner/install/vacuumcleaner/share/vacuumcleaner/package.dsv'
[0.695s] INFO:colcon.colcon_core.shell:Creating package script '/home/william/vacuumcleaner/install/vacuumcleaner/share/vacuumcleaner/package.sh'
[0.697s] INFO:colcon.colcon_core.shell:Creating package script '/home/william/vacuumcleaner/install/vacuumcleaner/share/vacuumcleaner/package.bash'
[0.698s] INFO:colcon.colcon_core.shell:Creating package script '/home/william/vacuumcleaner/install/vacuumcleaner/share/vacuumcleaner/package.zsh'
[0.698s] Level 1:colcon.colcon_core.environment:create_file_with_runtime_dependencies(/home/william/vacuumcleaner/install/vacuumcleaner/share/colcon-core/packages/vacuumcleaner)
[0.699s] DEBUG:colcon.colcon_parallel_executor.executor.parallel:closing loop
[0.699s] DEBUG:colcon.colcon_parallel_executor.executor.parallel:loop closed
[0.700s] DEBUG:colcon.colcon_parallel_executor.executor.parallel:run_until_complete finished with '0'
[0.700s] DEBUG:colcon.colcon_core.event_reactor:joining thread
[0.711s] INFO:colcon.colcon_core.plugin_system:Skipping extension 'colcon_notification.desktop_notification.terminal_notifier': Not used on non-Darwin systems
[0.711s] INFO:colcon.colcon_core.plugin_system:Skipping extension 'colcon_notification.desktop_notification.win32': Not used on non-Windows systems
[0.711s] INFO:colcon.colcon_notification.desktop_notification:Sending desktop notification using 'notify2'
[0.714s] DEBUG:colcon.colcon_core.event_reactor:joined thread
[0.716s] INFO:colcon.colcon_core.shell:Creating prefix script '/home/william/vacuumcleaner/install/local_setup.ps1'
[0.718s] INFO:colcon.colcon_core.shell:Creating prefix util module '/home/william/vacuumcleaner/install/_local_setup_util_ps1.py'
[0.721s] INFO:colcon.colcon_core.shell:Creating prefix chain script '/home/william/vacuumcleaner/install/setup.ps1'
[0.726s] INFO:colcon.colcon_core.shell:Creating prefix script '/home/william/vacuumcleaner/install/local_setup.sh'
[0.727s] INFO:colcon.colcon_core.shell:Creating prefix util module '/home/william/vacuumcleaner/install/_local_setup_util_sh.py'
[0.727s] INFO:colcon.colcon_core.shell:Creating prefix chain script '/home/william/vacuumcleaner/install/setup.sh'
[0.752s] INFO:colcon.colcon_core.shell:Creating prefix script '/home/william/vacuumcleaner/install/local_setup.bash'
[0.753s] INFO:colcon.colcon_core.shell:Creating prefix chain script '/home/william/vacuumcleaner/install/setup.bash'
[0.757s] INFO:colcon.colcon_core.shell:Creating prefix script '/home/william/vacuumcleaner/install/local_setup.zsh'
[0.758s] INFO:colcon.colcon_core.shell:Creating prefix chain script '/home/william/vacuumcleaner/install/setup.zsh'
