[0.166s] DEBUG:colcon:Command line arguments: ['/usr/bin/colcon', 'build']
[0.166s] DEBUG:colcon:Parsed command line arguments: Namespace(ament_cmake_args=None, base_paths='.', build_base='build', catkin_cmake_args=None, catkin_skip_building_tests=False, cmake_args=None, cmake_clean_cache=False, cmake_clean_first=False, cmake_force_configure=False, cmake_target=None, cmake_target_skip_unavailable=False, continue_on_error=False, event_handlers=None, executor='parallel', ignore_user_meta=False, install_base='install', log_base='log', log_level=None, main=<bound method BuildVerb.main of <colcon_core.verb.build.BuildVerb object at 0x7f3eb102cf60>>, merge_install=False, metas='./colcon.meta', packages_above=None, packages_above_depth=None, packages_end=None, packages_ignore=None, packages_ignore_regex=None, packages_select=None, packages_select_build_failed=False, packages_select_by_dep=None, packages_select_regex=None, packages_select_test_failures=False, packages_skip=None, packages_skip_build_finished=False, packages_skip_by_dep=None, packages_skip_regex=None, packages_skip_test_passed=False, packages_skip_up_to=None, packages_start=None, packages_up_to=None, parallel_workers=8, paths=None, symlink_install=False, test_result_base=None, verb_extension=<colcon_core.verb.build.BuildVerb object at 0x7f3eb102cf60>, verb_name='build', verb_parser=<colcon_defaults.argument_parser.defaults.DefaultArgumentsDecorator object at 0x7f3eb0d812b0>)
[0.210s] Level 1:colcon.colcon_core.package_discovery:discover_packages(colcon_meta) check parameters
[0.210s] Level 1:colcon.colcon_core.package_discovery:discover_packages(recursive) check parameters
[0.210s] Level 1:colcon.colcon_core.package_discovery:discover_packages(ignore) check parameters
[0.210s] Level 1:colcon.colcon_core.package_discovery:discover_packages(path) check parameters
[0.210s] Level 1:colcon.colcon_core.package_discovery:discover_packages(recursive) discover
[0.210s] INFO:colcon.colcon_core.package_discovery:Crawling recursively for packages in '/home/william/vacuumcleaner'
[0.211s] Level 1:colcon.colcon_core.package_identification:_identify(/home/william/vacuumcleaner) by extensions ['ignore', 'ignore_ament_install']
[0.211s] Level 1:colcon.colcon_core.package_identification:_identify(/home/william/vacuumcleaner) by extension 'ignore'
[0.211s] Level 1:colcon.colcon_core.package_identification:_identify(/home/william/vacuumcleaner) by extension 'ignore_ament_install'
[0.211s] Level 1:colcon.colcon_core.package_identification:_identify(/home/william/vacuumcleaner) by extensions ['colcon_pkg']
[0.211s] Level 1:colcon.colcon_core.package_identification:_identify(/home/william/vacuumcleaner) by extension 'colcon_pkg'
[0.211s] Level 1:colcon.colcon_core.package_identification:_identify(/home/william/vacuumcleaner) by extensions ['colcon_meta']
[0.211s] Level 1:colcon.colcon_core.package_identification:_identify(/home/william/vacuumcleaner) by extension 'colcon_meta'
[0.211s] Level 1:colcon.colcon_core.package_identification:_identify(/home/william/vacuumcleaner) by extensions ['ros']
[0.211s] Level 1:colcon.colcon_core.package_identification:_identify(/home/william/vacuumcleaner) by extension 'ros'
[0.228s] DEBUG:colcon.colcon_core.package_identification:Package '/home/william/vacuumcleaner' with type 'ros.ament_cmake' and name 'vacuumcleaner'
[0.228s] Level 1:colcon.colcon_core.package_discovery:discover_packages(recursive) using defaults
[0.234s] Level 5:colcon.colcon_core.verb:set package 'vacuumcleaner' build argument 'cmake_args' from command line to 'None'
[0.234s] Level 5:colcon.colcon_core.verb:set package 'vacuumcleaner' build argument 'cmake_target' from command line to 'None'
[0.234s] Level 5:colcon.colcon_core.verb:set package 'vacuumcleaner' build argument 'cmake_target_skip_unavailable' from command line to 'False'
[0.234s] Level 5:colcon.colcon_core.verb:set package 'vacuumcleaner' build argument 'cmake_clean_cache' from command line to 'False'
[0.234s] Level 5:colcon.colcon_core.verb:set package 'vacuumcleaner' build argument 'cmake_clean_first' from command line to 'False'
[0.234s] Level 5:colcon.colcon_core.verb:set package 'vacuumcleaner' build argument 'cmake_force_configure' from command line to 'False'
[0.234s] Level 5:colcon.colcon_core.verb:set package 'vacuumcleaner' build argument 'ament_cmake_args' from command line to 'None'
[0.234s] Level 5:colcon.colcon_core.verb:set package 'vacuumcleaner' build argument 'catkin_cmake_args' from command line to 'None'
[0.234s] Level 5:colcon.colcon_core.verb:set package 'vacuumcleaner' build argument 'catkin_skip_building_tests' from command line to 'False'
[0.234s] DEBUG:colcon.colcon_core.verb:Building package 'vacuumcleaner' with the following arguments: {'ament_cmake_args': None, 'build_base': '/home/william/vacuumcleaner/build/vacuumcleaner', 'catkin_cmake_args': None, 'catkin_skip_building_tests': False, 'cmake_args': None, 'cmake_clean_cache': False, 'cmake_clean_first': False, 'cmake_force_configure': False, 'cmake_target': None, 'cmake_target_skip_unavailable': False, 'install_base': '/home/william/vacuumcleaner/install/vacuumcleaner', 'merge_install': False, 'path': '/home/william/vacuumcleaner', 'symlink_install': False, 'test_result_base': None}
[0.236s] INFO:colcon.colcon_core.executor:Executing jobs using 'parallel' executor
[0.236s] DEBUG:colcon.colcon_parallel_executor.executor.parallel:run_until_complete
[0.237s] INFO:colcon.colcon_ros.task.ament_cmake.build:Building ROS package in '/home/william/vacuumcleaner' with build type 'ament_cmake'
[0.240s] INFO:colcon.colcon_core.plugin_system:Skipping extension 'colcon_core.shell.bat': Not used on non-Windows systems
[0.241s] INFO:colcon.colcon_cmake.task.cmake.build:Building CMake package in '/home/william/vacuumcleaner'
[0.241s] INFO:colcon.colcon_core.shell:Skip shell extension 'powershell' for command environment: Not usable outside of PowerShell
[0.241s] DEBUG:colcon.colcon_core.shell:Skip shell extension 'dsv' for command environment
[0.243s] WARNING:colcon.colcon_ros.prefix_path.ament:The path '/home/william/vacuumcleaner/install/vacuumcleaner' in the environment variable AMENT_PREFIX_PATH doesn't exist
[0.244s] WARNING:colcon.colcon_ros.prefix_path.catkin:The path '/home/william/vacuumcleaner/install/vacuumcleaner' in the environment variable CMAKE_PREFIX_PATH doesn't exist
[0.244s] DEBUG:colcon.colcon_core.shell:Ignoring prefix path '/opt/ros/dashing'
[0.253s] DEBUG:colcon.colcon_core.event_handler.log_command:Invoking command in '/home/william/vacuumcleaner/build/vacuumcleaner': CMAKE_PREFIX_PATH=${CMAKE_PREFIX_PATH}:/opt/ros/dashing /usr/bin/cmake --build /home/william/vacuumcleaner/build/vacuumcleaner -- -j8 -l8
[0.862s] DEBUG:colcon.colcon_core.event_handler.log_command:Invoked command in '/home/william/vacuumcleaner/build/vacuumcleaner' returned '0': CMAKE_PREFIX_PATH=${CMAKE_PREFIX_PATH}:/opt/ros/dashing /usr/bin/cmake --build /home/william/vacuumcleaner/build/vacuumcleaner -- -j8 -l8
[0.893s] DEBUG:colcon.colcon_core.event_handler.log_command:Invoking command in '/home/william/vacuumcleaner/build/vacuumcleaner': CMAKE_PREFIX_PATH=${CMAKE_PREFIX_PATH}:/opt/ros/dashing /usr/bin/cmake --build /home/william/vacuumcleaner/build/vacuumcleaner --target install -- -j8 -l8
[1.174s] Level 1:colcon.colcon_core.environment:create_environment_scripts_only(vacuumcleaner)
[1.175s] DEBUG:colcon.colcon_core.event_handler.log_command:Invoked command in '/home/william/vacuumcleaner/build/vacuumcleaner' returned '0': CMAKE_PREFIX_PATH=${CMAKE_PREFIX_PATH}:/opt/ros/dashing /usr/bin/cmake --build /home/william/vacuumcleaner/build/vacuumcleaner --target install -- -j8 -l8
[1.179s] Level 1:colcon.colcon_core.environment:checking '/home/william/vacuumcleaner/install/vacuumcleaner' for CMake module files
[1.180s] Level 1:colcon.colcon_core.environment:checking '/home/william/vacuumcleaner/install/vacuumcleaner' for CMake config files
[1.180s] Level 1:colcon.colcon_core.shell:create_environment_hook('vacuumcleaner', 'cmake_prefix_path')
[1.181s] INFO:colcon.colcon_core.shell:Creating environment hook '/home/william/vacuumcleaner/install/vacuumcleaner/share/vacuumcleaner/hook/cmake_prefix_path.ps1'
[1.182s] INFO:colcon.colcon_core.shell:Creating environment descriptor '/home/william/vacuumcleaner/install/vacuumcleaner/share/vacuumcleaner/hook/cmake_prefix_path.dsv'
[1.182s] INFO:colcon.colcon_core.shell:Creating environment hook '/home/william/vacuumcleaner/install/vacuumcleaner/share/vacuumcleaner/hook/cmake_prefix_path.sh'
[1.184s] Level 1:colcon.colcon_core.environment:checking '/home/william/vacuumcleaner/install/vacuumcleaner/lib'
[1.184s] Level 1:colcon.colcon_core.environment:checking '/home/william/vacuumcleaner/install/vacuumcleaner/bin'
[1.184s] Level 1:colcon.colcon_core.environment:checking '/home/william/vacuumcleaner/install/vacuumcleaner/lib/pkgconfig/vacuumcleaner.pc'
[1.184s] Level 1:colcon.colcon_core.environment:checking '/home/william/vacuumcleaner/install/vacuumcleaner/lib/python3.6/site-packages'
[1.185s] INFO:colcon.colcon_core.shell:Creating package script '/home/william/vacuumcleaner/install/vacuumcleaner/share/vacuumcleaner/package.ps1'
[1.186s] INFO:colcon.colcon_core.shell:Creating package descriptor '/home/william/vacuumcleaner/install/vacuumcleaner/share/vacuumcleaner/package.dsv'
[1.187s] INFO:colcon.colcon_core.shell:Creating package script '/home/william/vacuumcleaner/install/vacuumcleaner/share/vacuumcleaner/package.sh'
[1.188s] INFO:colcon.colcon_core.shell:Creating package script '/home/william/vacuumcleaner/install/vacuumcleaner/share/vacuumcleaner/package.bash'
[1.189s] INFO:colcon.colcon_core.shell:Creating package script '/home/william/vacuumcleaner/install/vacuumcleaner/share/vacuumcleaner/package.zsh'
[1.190s] Level 1:colcon.colcon_core.environment:create_file_with_runtime_dependencies(/home/william/vacuumcleaner/install/vacuumcleaner/share/colcon-core/packages/vacuumcleaner)
[1.191s] DEBUG:colcon.colcon_parallel_executor.executor.parallel:closing loop
[1.191s] DEBUG:colcon.colcon_parallel_executor.executor.parallel:loop closed
[1.191s] DEBUG:colcon.colcon_parallel_executor.executor.parallel:run_until_complete finished with '0'
[1.191s] DEBUG:colcon.colcon_core.event_reactor:joining thread
[1.201s] INFO:colcon.colcon_core.plugin_system:Skipping extension 'colcon_notification.desktop_notification.terminal_notifier': Not used on non-Darwin systems
[1.201s] INFO:colcon.colcon_core.plugin_system:Skipping extension 'colcon_notification.desktop_notification.win32': Not used on non-Windows systems
[1.201s] INFO:colcon.colcon_notification.desktop_notification:Sending desktop notification using 'notify2'
[1.206s] DEBUG:colcon.colcon_core.event_reactor:joined thread
[1.207s] INFO:colcon.colcon_core.shell:Creating prefix script '/home/william/vacuumcleaner/install/local_setup.ps1'
[1.208s] INFO:colcon.colcon_core.shell:Creating prefix util module '/home/william/vacuumcleaner/install/_local_setup_util_ps1.py'
[1.210s] INFO:colcon.colcon_core.shell:Creating prefix chain script '/home/william/vacuumcleaner/install/setup.ps1'
[1.227s] INFO:colcon.colcon_core.shell:Creating prefix script '/home/william/vacuumcleaner/install/local_setup.sh'
[1.228s] INFO:colcon.colcon_core.shell:Creating prefix util module '/home/william/vacuumcleaner/install/_local_setup_util_sh.py'
[1.228s] INFO:colcon.colcon_core.shell:Creating prefix chain script '/home/william/vacuumcleaner/install/setup.sh'
[1.231s] INFO:colcon.colcon_core.shell:Creating prefix script '/home/william/vacuumcleaner/install/local_setup.bash'
[1.231s] INFO:colcon.colcon_core.shell:Creating prefix chain script '/home/william/vacuumcleaner/install/setup.bash'
[1.234s] INFO:colcon.colcon_core.shell:Creating prefix script '/home/william/vacuumcleaner/install/local_setup.zsh'
[1.235s] INFO:colcon.colcon_core.shell:Creating prefix chain script '/home/william/vacuumcleaner/install/setup.zsh'
