[35m[1mScanning dependencies of target vacuumcleaner[0m
[ 50%] [32mBuilding CXX object CMakeFiles/vacuumcleaner.dir/src/main.cpp.o[0m
[100%] [32m[1mLinking CXX executable vacuumcleaner[0m
[100%] Built target vacuumcleaner
[100%] Built target vacuumcleaner
[36mInstall the project...[0m
-- Install configuration: ""
-- Execute custom install script
-- Symlinking: /home/william/vacuumcleaner/install/vacuumcleaner/share/ament_index/resource_index/package_run_dependencies/vacuumcleaner
-- Symlinking: /home/william/vacuumcleaner/install/vacuumcleaner/share/ament_index/resource_index/parent_prefix_path/vacuumcleaner
-- Symlinking: /home/william/vacuumcleaner/install/vacuumcleaner/share/vacuumcleaner/environment/ament_prefix_path.sh
-- Symlinking: /home/william/vacuumcleaner/install/vacuumcleaner/share/vacuumcleaner/environment/path.sh
-- Symlinking: /home/william/vacuumcleaner/install/vacuumcleaner/share/vacuumcleaner/local_setup.bash
-- Symlinking: /home/william/vacuumcleaner/install/vacuumcleaner/share/vacuumcleaner/local_setup.sh
-- Symlinking: /home/william/vacuumcleaner/install/vacuumcleaner/share/vacuumcleaner/local_setup.zsh
-- Symlinking: /home/william/vacuumcleaner/install/vacuumcleaner/share/ament_index/resource_index/packages/vacuumcleaner
-- Symlinking: /home/william/vacuumcleaner/install/vacuumcleaner/share/vacuumcleaner/cmake/vacuumcleanerConfig.cmake
-- Symlinking: /home/william/vacuumcleaner/install/vacuumcleaner/share/vacuumcleaner/cmake/vacuumcleanerConfig-version.cmake
-- Symlinking: /home/william/vacuumcleaner/install/vacuumcleaner/share/vacuumcleaner/package.xml
-- Symlinking: /home/william/vacuumcleaner/install/vacuumcleaner/lib/vacuumcleaner/vacuumcleaner
