[100%] Built target vacuumcleaner
[100%] Built target vacuumcleaner
[36mInstall the project...[0m
-- Install configuration: ""
-- Execute custom install script
-- Symlinking: /home/william/vacuumcleaner/install/vacuumcleaner/share/ament_index/resource_index/package_run_dependencies/vacuumcleaner
-- Symlinking: /home/william/vacuumcleaner/install/vacuumcleaner/share/ament_index/resource_index/parent_prefix_path/vacuumcleaner
-- Symlinking: /home/william/vacuumcleaner/install/vacuumcleaner/share/vacuumcleaner/environment/ament_prefix_path.sh
-- Symlinking: /home/william/vacuumcleaner/install/vacuumcleaner/share/vacuumcleaner/environment/path.sh
-- Symlinking: /home/william/vacuumcleaner/install/vacuumcleaner/share/vacuumcleaner/local_setup.bash
-- Symlinking: /home/william/vacuumcleaner/install/vacuumcleaner/share/vacuumcleaner/local_setup.sh
-- Symlinking: /home/william/vacuumcleaner/install/vacuumcleaner/share/vacuumcleaner/local_setup.zsh
-- Symlinking: /home/william/vacuumcleaner/install/vacuumcleaner/share/ament_index/resource_index/packages/vacuumcleaner
-- Symlinking: /home/william/vacuumcleaner/install/vacuumcleaner/share/vacuumcleaner/cmake/vacuumcleanerConfig.cmake
-- Symlinking: /home/william/vacuumcleaner/install/vacuumcleaner/share/vacuumcleaner/cmake/vacuumcleanerConfig-version.cmake
-- Symlinking: /home/william/vacuumcleaner/install/vacuumcleaner/share/vacuumcleaner/package.xml
-- Symlinking: /home/william/vacuumcleaner/install/vacuumcleaner/lib//vacuumcleaner
-- Symlinking: /home/william/vacuumcleaner/install/vacuumcleaner/launch/launch/__pycache__/rviz_launch.cpython-36.pyc
-- Symlinking: /home/william/vacuumcleaner/install/vacuumcleaner/launch/launch/rviz_launch.py
-- Symlinking: /home/william/vacuumcleaner/install/vacuumcleaner//urdf/model
